<component name="libraryTable">
  <library name="junit-platform-launcher-1.8.1">
    <CLASSES>
      <root url="jar://$USER_HOME$/Downloads/junit-platform-launcher-1.8.1.jar!/" />
    </CLASSES>
    <JAVADOC />
    <SOURCES />
  </library>
</component>